=============================================
2026-04-21 23:19:54 - Inspección del sistema
=============================================

=== 1. Información del Kernel ===
Linux server 6.6.87.2-microsoft-standard-WSL2 #1 SMP PREEMPT_DYNAMIC Thu Jun  5 18:30:46 UTC 2025 x86_64 x86_64 x86_64 GNU/Linux

=== 2. Versión del Sistema Operativo ===
PRETTY_NAME="Ubuntu 22.04.5 LTS"
NAME="Ubuntu"
VERSION_ID="22.04"
VERSION="22.04.5 LTS (Jammy Jellyfish)"
VERSION_CODENAME=jammy
ID=ubuntu
ID_LIKE=debian
HOME_URL="https://www.ubuntu.com/"
SUPPORT_URL="https://help.ubuntu.com/"
BUG_REPORT_URL="https://bugs.launchpad.net/ubuntu/"
PRIVACY_POLICY_URL="https://www.ubuntu.com/legal/terms-and-policies/privacy-policy"
UBUNTU_CODENAME=jammy

=== 3. Proceso de arranque - Procesos activos (PID 1 y servicios) ===
USER         PID %CPU %MEM    VSZ   RSS TTY      STAT START   TIME COMMAND
root           1  6.0  0.0   4364  3328 ?        Ss   23:19   0:00 /bin/bash /opt/lab/scripts/entrypoint.sh
syslog         9  0.0  0.0 152460  3144 ?        Ssl  23:19   0:00 rsyslogd
root          17  0.0  0.0   3888  2052 ?        Ss   23:19   0:00 /usr/sbin/cron -P
daemon        23  0.0  0.0   3864  1280 ?        Ss   23:19   0:00 /usr/sbin/atd
root          32  0.0  0.0  15432  4304 ?        Ss   23:19   0:00 sshd: /usr/sbin/sshd [listener] 0 of 10-100 startups
root          36  0.0  0.0   4364  3200 ?        S    23:19   0:00 /bin/bash /opt/lab/scripts/system_info.sh
root          40  0.0  0.0   7064  2944 ?        R    23:19   0:00 ps aux --sort=pid
root          41  0.0  0.0   2804  1280 ?        S    23:19   0:00 head -20

=== 4. Niveles de operación (Runlevels / Systemd targets) ===
Nota: En contenedores Docker, PID 1 es el entrypoint (no systemd/init).
Los servicios se inician manualmente en el entrypoint.sh:
  1. cron (tareas programadas)
  2. atd (tareas de ejecución diferida)
  3. sshd (acceso remoto SSH)
  4. rsyslogd (sistema de logging)
  5. python3 http.server (servicio web en puerto 8080)

Runlevel actual (si disponible):
/opt/lab/scripts/system_info.sh: line 36: runlevel: command not found
  runlevel no disponible (contenedor sin init)

=== 5. Servicios activos ===
 [ + ]  atd
 [ + ]  cron
 [ ? ]  hwclock.sh
 [ - ]  procps
 [ - ]  rsync
 [ + ]  ssh

=== 6. Información de CPU ===
processor	: 0
vendor_id	: GenuineIntel
cpu family	: 6
model		: 140
model name	: 11th Gen Intel(R) Core(TM) i5-1145G7 @ 2.60GHz
stepping	: 1
microcode	: 0xffffffff
cpu MHz		: 1497.600
cache size	: 8192 KB
physical id	: 0
siblings	: 8
core id		: 0
cpu cores	: 4
apicid		: 0
initial apicid	: 0
fpu		: yes
fpu_exception	: yes
cpuid level	: 27
wp		: yes
flags		: fpu vme de pse tsc msr pae mce cx8 apic sep mtrr pge mca cmov pat pse36 clflush mmx fxsr sse sse2 ss ht syscall nx pdpe1gb rdtscp lm constant_tsc arch_perfmon rep_good nopl xtopology tsc_reliable nonstop_tsc cpuid tsc_known_freq pni pclmulqdq vmx ssse3 fma cx16 pdcm pcid sse4_1 sse4_2 x2apic movbe popcnt tsc_deadline_timer aes xsave avx f16c rdrand hypervisor lahf_lm abm 3dnowprefetch ssbd ibrs ibpb stibp ibrs_enhanced tpr_shadow ept vpid ept_ad fsgsbase tsc_adjust bmi1 avx2 smep bmi2 erms invpcid avx512f avx512dq rdseed adx smap avx512ifma clflushopt clwb avx512cd sha_ni avx512bw avx512vl xsaveopt xsavec xgetbv1 xsaves vnmi avx512vbmi umip avx512_vbmi2 gfni vaes vpclmulqdq avx512_vnni avx512_bitalg avx512_vpopcntdq rdpid movdiri movdir64b fsrm avx512_vp2intersect md_clear flush_l1d arch_capabilities

=== 7. Información de Memoria ===
               total        used        free      shared  buff/cache   available
Mem:           7.5Gi       4.8Gi       115Mi       4.0Mi       2.5Gi       2.4Gi
Swap:          2.0Gi       1.0Mi       2.0Gi

=== 8. Sistemas de archivos montados ===
Filesystem     Type     Size  Used Avail Use% Mounted on
overlay        overlay 1007G   12G  945G   2% /
tmpfs          tmpfs     64M     0   64M   0% /dev
shm            tmpfs     64M     0   64M   0% /dev/shm
/dev/sdf       ext4    1007G  2.3G  954G   1% /var/log/lab
/dev/sde       ext4    1007G   12G  945G   2% /var/backups
tmpfs          tmpfs    3.8G     0  3.8G   0% /proc/acpi
tmpfs          tmpfs    3.8G     0  3.8G   0% /proc/scsi
tmpfs          tmpfs    3.8G     0  3.8G   0% /sys/firmware

=== 9. Puntos de montaje ===
overlay on / type overlay (rw,relatime,lowerdir=/var/lib/desktop-containerd/daemon/io.containerd.snapshotter.v1.overlayfs/snapshots/388/fs:/var/lib/desktop-containerd/daemon/io.containerd.snapshotter.v1.overlayfs/snapshots/387/fs:/var/lib/desktop-containerd/daemon/io.containerd.snapshotter.v1.overlayfs/snapshots/386/fs:/var/lib/desktop-containerd/daemon/io.containerd.snapshotter.v1.overlayfs/snapshots/385/fs:/var/lib/desktop-containerd/daemon/io.containerd.snapshotter.v1.overlayfs/snapshots/384/fs:/var/lib/desktop-containerd/daemon/io.containerd.snapshotter.v1.overlayfs/snapshots/369/fs:/var/lib/desktop-containerd/daemon/io.containerd.snapshotter.v1.overlayfs/snapshots/368/fs:/var/lib/desktop-containerd/daemon/io.containerd.snapshotter.v1.overlayfs/snapshots/205/fs,upperdir=/var/lib/desktop-containerd/daemon/io.containerd.snapshotter.v1.overlayfs/snapshots/389/fs,workdir=/var/lib/desktop-containerd/daemon/io.containerd.snapshotter.v1.overlayfs/snapshots/389/work)
tmpfs on /dev type tmpfs (rw,nosuid,size=65536k,mode=755)
shm on /dev/shm type tmpfs (rw,nosuid,nodev,noexec,relatime,size=65536k)
/dev/sdf on /var/backups_host type ext4 (rw,relatime,discard,errors=remount-ro,data=ordered)
/dev/sde on /var/backups type ext4 (rw,relatime)
/dev/sde on /etc/resolv.conf type ext4 (rw,relatime)
/dev/sde on /etc/hostname type ext4 (rw,relatime)
/dev/sde on /etc/hosts type ext4 (rw,relatime)
/dev/sdf on /var/log/lab type ext4 (rw,relatime,discard,errors=remount-ro,data=ordered)
tmpfs on /proc/acpi type tmpfs (ro,relatime)
tmpfs on /proc/interrupts type tmpfs (rw,nosuid,size=65536k,mode=755)
tmpfs on /proc/kcore type tmpfs (rw,nosuid,size=65536k,mode=755)
tmpfs on /proc/keys type tmpfs (rw,nosuid,size=65536k,mode=755)
tmpfs on /proc/latency_stats type tmpfs (rw,nosuid,size=65536k,mode=755)
tmpfs on /proc/scsi type tmpfs (ro,relatime)
tmpfs on /proc/timer_list type tmpfs (rw,nosuid,size=65536k,mode=755)
tmpfs on /sys/firmware type tmpfs (ro,relatime)

=== 10. Volúmenes Docker (vistos desde el contenedor) ===
  /var/backups     -> Docker named volume (server_backups)
  /var/log/lab     -> Bind mount (./data/logs)
  /var/backups_host -> Bind mount (./data/backups)

2026-04-21 23:19:54 - Inspección completada
=============================================
2026-04-21 23:21:59 - Inspección del sistema
=============================================

=== 1. Información del Kernel ===
Linux server 6.6.87.2-microsoft-standard-WSL2 #1 SMP PREEMPT_DYNAMIC Thu Jun  5 18:30:46 UTC 2025 x86_64 x86_64 x86_64 GNU/Linux

=== 2. Versión del Sistema Operativo ===
PRETTY_NAME="Ubuntu 22.04.5 LTS"
NAME="Ubuntu"
VERSION_ID="22.04"
VERSION="22.04.5 LTS (Jammy Jellyfish)"
VERSION_CODENAME=jammy
ID=ubuntu
ID_LIKE=debian
HOME_URL="https://www.ubuntu.com/"
SUPPORT_URL="https://help.ubuntu.com/"
BUG_REPORT_URL="https://bugs.launchpad.net/ubuntu/"
PRIVACY_POLICY_URL="https://www.ubuntu.com/legal/terms-and-policies/privacy-policy"
UBUNTU_CODENAME=jammy

=== 3. Proceso de arranque - Procesos activos (PID 1 y servicios) ===
USER         PID %CPU %MEM    VSZ   RSS TTY      STAT START   TIME COMMAND
root           1  5.0  0.0   4364  3200 ?        Ss   23:21   0:00 /bin/bash /opt/lab/scripts/entrypoint.sh
syslog        11 35.0  0.0 152420  3140 ?        Ssl  23:21   0:00 rsyslogd
root          18  0.0  0.0   3888  2052 ?        Ss   23:21   0:00 /usr/sbin/cron -P
daemon        25  0.0  0.0   3864  1408 ?        Ss   23:21   0:00 /usr/sbin/atd
root          34  0.0  0.0  15432  4432 ?        Ss   23:21   0:00 sshd: /usr/sbin/sshd [listener] 0 of 10-100 startups
root          38  0.0  0.0   4364  3072 ?        S    23:21   0:00 /bin/bash /opt/lab/scripts/system_info.sh
root          42  0.0  0.0   7064  3072 ?        R    23:21   0:00 ps aux --sort=pid
root          43  0.0  0.0   2804  1408 ?        S    23:21   0:00 head -20

=== 4. Niveles de operación (Runlevels / Systemd targets) ===
Nota: En contenedores Docker, PID 1 es el entrypoint (no systemd/init).
Los servicios se inician manualmente en el entrypoint.sh:
  1. cron (tareas programadas)
  2. atd (tareas de ejecución diferida)
  3. sshd (acceso remoto SSH)
  4. rsyslogd (sistema de logging)
  5. python3 http.server (servicio web en puerto 8080)

Runlevel actual (si disponible):
/opt/lab/scripts/system_info.sh: line 36: runlevel: command not found
  runlevel no disponible (contenedor sin init)

=== 5. Servicios activos ===
 [ + ]  atd
 [ + ]  cron
 [ ? ]  hwclock.sh
 [ - ]  procps
 [ - ]  rsync
 [ + ]  ssh

=== 6. Información de CPU ===
processor	: 0
vendor_id	: GenuineIntel
cpu family	: 6
model		: 140
model name	: 11th Gen Intel(R) Core(TM) i5-1145G7 @ 2.60GHz
stepping	: 1
microcode	: 0xffffffff
cpu MHz		: 1497.600
cache size	: 8192 KB
physical id	: 0
siblings	: 8
core id		: 0
cpu cores	: 4
apicid		: 0
initial apicid	: 0
fpu		: yes
fpu_exception	: yes
cpuid level	: 27
wp		: yes
flags		: fpu vme de pse tsc msr pae mce cx8 apic sep mtrr pge mca cmov pat pse36 clflush mmx fxsr sse sse2 ss ht syscall nx pdpe1gb rdtscp lm constant_tsc arch_perfmon rep_good nopl xtopology tsc_reliable nonstop_tsc cpuid tsc_known_freq pni pclmulqdq vmx ssse3 fma cx16 pdcm pcid sse4_1 sse4_2 x2apic movbe popcnt tsc_deadline_timer aes xsave avx f16c rdrand hypervisor lahf_lm abm 3dnowprefetch ssbd ibrs ibpb stibp ibrs_enhanced tpr_shadow ept vpid ept_ad fsgsbase tsc_adjust bmi1 avx2 smep bmi2 erms invpcid avx512f avx512dq rdseed adx smap avx512ifma clflushopt clwb avx512cd sha_ni avx512bw avx512vl xsaveopt xsavec xgetbv1 xsaves vnmi avx512vbmi umip avx512_vbmi2 gfni vaes vpclmulqdq avx512_vnni avx512_bitalg avx512_vpopcntdq rdpid movdiri movdir64b fsrm avx512_vp2intersect md_clear flush_l1d arch_capabilities

=== 7. Información de Memoria ===
               total        used        free      shared  buff/cache   available
Mem:           7.5Gi       5.1Gi       241Mi       4.0Mi       2.1Gi       2.2Gi
Swap:          2.0Gi       2.0Mi       2.0Gi

=== 8. Sistemas de archivos montados ===
Filesystem     Type     Size  Used Avail Use% Mounted on
overlay        overlay 1007G   12G  945G   2% /
tmpfs          tmpfs     64M     0   64M   0% /dev
shm            tmpfs     64M     0   64M   0% /dev/shm
/dev/sde       ext4    1007G   12G  945G   2% /var/backups
/dev/sdf       ext4    1007G  2.3G  954G   1% /var/log/lab
tmpfs          tmpfs    3.8G     0  3.8G   0% /proc/acpi
tmpfs          tmpfs    3.8G     0  3.8G   0% /proc/scsi
tmpfs          tmpfs    3.8G     0  3.8G   0% /sys/firmware

=== 9. Puntos de montaje ===
overlay on / type overlay (rw,relatime,lowerdir=/var/lib/desktop-containerd/daemon/io.containerd.snapshotter.v1.overlayfs/snapshots/408/fs:/var/lib/desktop-containerd/daemon/io.containerd.snapshotter.v1.overlayfs/snapshots/407/fs:/var/lib/desktop-containerd/daemon/io.containerd.snapshotter.v1.overlayfs/snapshots/406/fs:/var/lib/desktop-containerd/daemon/io.containerd.snapshotter.v1.overlayfs/snapshots/405/fs:/var/lib/desktop-containerd/daemon/io.containerd.snapshotter.v1.overlayfs/snapshots/404/fs:/var/lib/desktop-containerd/daemon/io.containerd.snapshotter.v1.overlayfs/snapshots/403/fs:/var/lib/desktop-containerd/daemon/io.containerd.snapshotter.v1.overlayfs/snapshots/402/fs:/var/lib/desktop-containerd/daemon/io.containerd.snapshotter.v1.overlayfs/snapshots/205/fs,upperdir=/var/lib/desktop-containerd/daemon/io.containerd.snapshotter.v1.overlayfs/snapshots/409/fs,workdir=/var/lib/desktop-containerd/daemon/io.containerd.snapshotter.v1.overlayfs/snapshots/409/work)
tmpfs on /dev type tmpfs (rw,nosuid,size=65536k,mode=755)
shm on /dev/shm type tmpfs (rw,nosuid,nodev,noexec,relatime,size=65536k)
/dev/sde on /var/backups type ext4 (rw,relatime)
/dev/sdf on /var/backups_host type ext4 (rw,relatime,discard,errors=remount-ro,data=ordered)
/dev/sde on /etc/resolv.conf type ext4 (rw,relatime)
/dev/sde on /etc/hostname type ext4 (rw,relatime)
/dev/sde on /etc/hosts type ext4 (rw,relatime)
/dev/sdf on /var/log/lab type ext4 (rw,relatime,discard,errors=remount-ro,data=ordered)
tmpfs on /proc/acpi type tmpfs (ro,relatime)
tmpfs on /proc/interrupts type tmpfs (rw,nosuid,size=65536k,mode=755)
tmpfs on /proc/kcore type tmpfs (rw,nosuid,size=65536k,mode=755)
tmpfs on /proc/keys type tmpfs (rw,nosuid,size=65536k,mode=755)
tmpfs on /proc/latency_stats type tmpfs (rw,nosuid,size=65536k,mode=755)
tmpfs on /proc/scsi type tmpfs (ro,relatime)
tmpfs on /proc/timer_list type tmpfs (rw,nosuid,size=65536k,mode=755)
tmpfs on /sys/firmware type tmpfs (ro,relatime)

=== 10. Volúmenes Docker (vistos desde el contenedor) ===
  /var/backups     -> Docker named volume (server_backups)
  /var/log/lab     -> Bind mount (./data/logs)
  /var/backups_host -> Bind mount (./data/backups)

2026-04-21 23:21:59 - Inspección completada
=============================================
2026-04-21 23:23:18 - Inspección del sistema
=============================================

=== 1. Información del Kernel ===
Linux server 6.6.87.2-microsoft-standard-WSL2 #1 SMP PREEMPT_DYNAMIC Thu Jun  5 18:30:46 UTC 2025 x86_64 x86_64 x86_64 GNU/Linux

=== 2. Versión del Sistema Operativo ===
PRETTY_NAME="Ubuntu 22.04.5 LTS"
NAME="Ubuntu"
VERSION_ID="22.04"
VERSION="22.04.5 LTS (Jammy Jellyfish)"
VERSION_CODENAME=jammy
ID=ubuntu
ID_LIKE=debian
HOME_URL="https://www.ubuntu.com/"
SUPPORT_URL="https://help.ubuntu.com/"
BUG_REPORT_URL="https://bugs.launchpad.net/ubuntu/"
PRIVACY_POLICY_URL="https://www.ubuntu.com/legal/terms-and-policies/privacy-policy"
UBUNTU_CODENAME=jammy

=== 3. Proceso de arranque - Procesos activos (PID 1 y servicios) ===
USER         PID %CPU %MEM    VSZ   RSS TTY      STAT START   TIME COMMAND
root           1  7.0  0.0   4364  3072 ?        Ss   23:23   0:00 /bin/bash /opt/lab/scripts/entrypoint.sh
syslog        13  0.0  0.0 152420  3140 ?        Ssl  23:23   0:00 rsyslogd
root          20  0.0  0.0   3888  1924 ?        Ss   23:23   0:00 /usr/sbin/cron -P
daemon        27  0.0  0.0   3864  1408 ?        Ss   23:23   0:00 /usr/sbin/atd
root          36  0.0  0.0  15432  4300 ?        Ss   23:23   0:00 sshd: /usr/sbin/sshd [listener] 0 of 10-100 startups
root          40  0.0  0.0   4364  3200 ?        S    23:23   0:00 /bin/bash /opt/lab/scripts/system_info.sh
root          44  0.0  0.0   7064  2944 ?        R    23:23   0:00 ps aux --sort=pid
root          45  0.0  0.0   2804  1408 ?        S    23:23   0:00 head -20

=== 4. Niveles de operación (Runlevels / Systemd targets) ===
Nota: En contenedores Docker, PID 1 es el entrypoint (no systemd/init).
Los servicios se inician manualmente en el entrypoint.sh:
  1. cron (tareas programadas)
  2. atd (tareas de ejecución diferida)
  3. sshd (acceso remoto SSH)
  4. rsyslogd (sistema de logging)
  5. python3 http.server (servicio web en puerto 8080)

Runlevel actual (si disponible):
/opt/lab/scripts/system_info.sh: line 36: runlevel: command not found
  runlevel no disponible (contenedor sin init)

=== 5. Servicios activos ===
 [ + ]  atd
 [ + ]  cron
 [ ? ]  hwclock.sh
 [ - ]  procps
 [ - ]  rsync
 [ + ]  ssh

=== 6. Información de CPU ===
processor	: 0
vendor_id	: GenuineIntel
cpu family	: 6
model		: 140
model name	: 11th Gen Intel(R) Core(TM) i5-1145G7 @ 2.60GHz
stepping	: 1
microcode	: 0xffffffff
cpu MHz		: 1497.600
cache size	: 8192 KB
physical id	: 0
siblings	: 8
core id		: 0
cpu cores	: 4
apicid		: 0
initial apicid	: 0
fpu		: yes
fpu_exception	: yes
cpuid level	: 27
wp		: yes
flags		: fpu vme de pse tsc msr pae mce cx8 apic sep mtrr pge mca cmov pat pse36 clflush mmx fxsr sse sse2 ss ht syscall nx pdpe1gb rdtscp lm constant_tsc arch_perfmon rep_good nopl xtopology tsc_reliable nonstop_tsc cpuid tsc_known_freq pni pclmulqdq vmx ssse3 fma cx16 pdcm pcid sse4_1 sse4_2 x2apic movbe popcnt tsc_deadline_timer aes xsave avx f16c rdrand hypervisor lahf_lm abm 3dnowprefetch ssbd ibrs ibpb stibp ibrs_enhanced tpr_shadow ept vpid ept_ad fsgsbase tsc_adjust bmi1 avx2 smep bmi2 erms invpcid avx512f avx512dq rdseed adx smap avx512ifma clflushopt clwb avx512cd sha_ni avx512bw avx512vl xsaveopt xsavec xgetbv1 xsaves vnmi avx512vbmi umip avx512_vbmi2 gfni vaes vpclmulqdq avx512_vnni avx512_bitalg avx512_vpopcntdq rdpid movdiri movdir64b fsrm avx512_vp2intersect md_clear flush_l1d arch_capabilities

=== 7. Información de Memoria ===
               total        used        free      shared  buff/cache   available
Mem:           7.5Gi       5.3Gi       152Mi       4.0Mi       2.0Gi       2.0Gi
Swap:          2.0Gi       2.0Mi       2.0Gi

=== 8. Sistemas de archivos montados ===
Filesystem     Type     Size  Used Avail Use% Mounted on
overlay        overlay 1007G   12G  945G   2% /
tmpfs          tmpfs     64M     0   64M   0% /dev
shm            tmpfs     64M     0   64M   0% /dev/shm
/dev/sde       ext4    1007G   12G  945G   2% /var/backups
/dev/sdf       ext4    1007G  2.3G  954G   1% /var/log/lab
tmpfs          tmpfs    3.8G     0  3.8G   0% /proc/acpi
tmpfs          tmpfs    3.8G     0  3.8G   0% /proc/scsi
tmpfs          tmpfs    3.8G     0  3.8G   0% /sys/firmware

=== 9. Puntos de montaje ===
overlay on / type overlay (rw,relatime,lowerdir=/var/lib/desktop-containerd/daemon/io.containerd.snapshotter.v1.overlayfs/snapshots/422/fs:/var/lib/desktop-containerd/daemon/io.containerd.snapshotter.v1.overlayfs/snapshots/421/fs:/var/lib/desktop-containerd/daemon/io.containerd.snapshotter.v1.overlayfs/snapshots/420/fs:/var/lib/desktop-containerd/daemon/io.containerd.snapshotter.v1.overlayfs/snapshots/419/fs:/var/lib/desktop-containerd/daemon/io.containerd.snapshotter.v1.overlayfs/snapshots/418/fs:/var/lib/desktop-containerd/daemon/io.containerd.snapshotter.v1.overlayfs/snapshots/403/fs:/var/lib/desktop-containerd/daemon/io.containerd.snapshotter.v1.overlayfs/snapshots/402/fs:/var/lib/desktop-containerd/daemon/io.containerd.snapshotter.v1.overlayfs/snapshots/205/fs,upperdir=/var/lib/desktop-containerd/daemon/io.containerd.snapshotter.v1.overlayfs/snapshots/423/fs,workdir=/var/lib/desktop-containerd/daemon/io.containerd.snapshotter.v1.overlayfs/snapshots/423/work)
tmpfs on /dev type tmpfs (rw,nosuid,size=65536k,mode=755)
shm on /dev/shm type tmpfs (rw,nosuid,nodev,noexec,relatime,size=65536k)
/dev/sde on /var/backups type ext4 (rw,relatime)
/dev/sdf on /var/backups_host type ext4 (rw,relatime,discard,errors=remount-ro,data=ordered)
/dev/sde on /etc/resolv.conf type ext4 (rw,relatime)
/dev/sde on /etc/hostname type ext4 (rw,relatime)
/dev/sde on /etc/hosts type ext4 (rw,relatime)
/dev/sdf on /var/log/lab type ext4 (rw,relatime,discard,errors=remount-ro,data=ordered)
tmpfs on /proc/acpi type tmpfs (ro,relatime)
tmpfs on /proc/interrupts type tmpfs (rw,nosuid,size=65536k,mode=755)
tmpfs on /proc/kcore type tmpfs (rw,nosuid,size=65536k,mode=755)
tmpfs on /proc/keys type tmpfs (rw,nosuid,size=65536k,mode=755)
tmpfs on /proc/latency_stats type tmpfs (rw,nosuid,size=65536k,mode=755)
tmpfs on /proc/scsi type tmpfs (ro,relatime)
tmpfs on /proc/timer_list type tmpfs (rw,nosuid,size=65536k,mode=755)
tmpfs on /sys/firmware type tmpfs (ro,relatime)

=== 10. Volúmenes Docker (vistos desde el contenedor) ===
  /var/backups     -> Docker named volume (server_backups)
  /var/log/lab     -> Bind mount (./data/logs)
  /var/backups_host -> Bind mount (./data/backups)

2026-04-21 23:23:18 - Inspección completada
=============================================
2026-04-21 23:24:26 - Inspección del sistema
=============================================

=== 1. Información del Kernel ===
Linux server 6.6.87.2-microsoft-standard-WSL2 #1 SMP PREEMPT_DYNAMIC Thu Jun  5 18:30:46 UTC 2025 x86_64 x86_64 x86_64 GNU/Linux

=== 2. Versión del Sistema Operativo ===
PRETTY_NAME="Ubuntu 22.04.5 LTS"
NAME="Ubuntu"
VERSION_ID="22.04"
VERSION="22.04.5 LTS (Jammy Jellyfish)"
VERSION_CODENAME=jammy
ID=ubuntu
ID_LIKE=debian
HOME_URL="https://www.ubuntu.com/"
SUPPORT_URL="https://help.ubuntu.com/"
BUG_REPORT_URL="https://bugs.launchpad.net/ubuntu/"
PRIVACY_POLICY_URL="https://www.ubuntu.com/legal/terms-and-policies/privacy-policy"
UBUNTU_CODENAME=jammy

=== 3. Proceso de arranque - Procesos activos (PID 1 y servicios) ===
USER         PID %CPU %MEM    VSZ   RSS TTY      STAT START   TIME COMMAND
root           1  5.0  0.0   4364  3200 ?        Ss   23:24   0:00 /bin/bash /opt/lab/scripts/entrypoint.sh
syslog        13  0.0  0.0 152420  3140 ?        Ssl  23:24   0:00 rsyslogd
root          21  0.0  0.0   3888  1924 ?        Ss   23:24   0:00 /usr/sbin/cron -P
daemon        27  0.0  0.0   3864  1280 ?        Ss   23:24   0:00 /usr/sbin/atd
root          36  0.0  0.0  15432  4428 ?        Ss   23:24   0:00 sshd: /usr/sbin/sshd [listener] 0 of 10-100 startups
root          40  0.0  0.0   4364  3072 ?        S    23:24   0:00 /bin/bash /opt/lab/scripts/system_info.sh
root          44  0.0  0.0   7064  2816 ?        R    23:24   0:00 ps aux --sort=pid
root          45  0.0  0.0   2804  1280 ?        S    23:24   0:00 head -20

=== 4. Niveles de operación (Runlevels / Systemd targets) ===
Nota: En contenedores Docker, PID 1 es el entrypoint (no systemd/init).
Los servicios se inician manualmente en el entrypoint.sh:
  1. cron (tareas programadas)
  2. atd (tareas de ejecución diferida)
  3. sshd (acceso remoto SSH)
  4. rsyslogd (sistema de logging)
  5. python3 http.server (servicio web en puerto 8080)

Runlevel actual (si disponible):
/opt/lab/scripts/system_info.sh: line 36: runlevel: command not found
  runlevel no disponible (contenedor sin init)

=== 5. Servicios activos ===
 [ + ]  atd
 [ + ]  cron
 [ ? ]  hwclock.sh
 [ - ]  procps
 [ - ]  rsync
 [ + ]  ssh

=== 6. Información de CPU ===
processor	: 0
vendor_id	: GenuineIntel
cpu family	: 6
model		: 140
model name	: 11th Gen Intel(R) Core(TM) i5-1145G7 @ 2.60GHz
stepping	: 1
microcode	: 0xffffffff
cpu MHz		: 1497.600
cache size	: 8192 KB
physical id	: 0
siblings	: 8
core id		: 0
cpu cores	: 4
apicid		: 0
initial apicid	: 0
fpu		: yes
fpu_exception	: yes
cpuid level	: 27
wp		: yes
flags		: fpu vme de pse tsc msr pae mce cx8 apic sep mtrr pge mca cmov pat pse36 clflush mmx fxsr sse sse2 ss ht syscall nx pdpe1gb rdtscp lm constant_tsc arch_perfmon rep_good nopl xtopology tsc_reliable nonstop_tsc cpuid tsc_known_freq pni pclmulqdq vmx ssse3 fma cx16 pdcm pcid sse4_1 sse4_2 x2apic movbe popcnt tsc_deadline_timer aes xsave avx f16c rdrand hypervisor lahf_lm abm 3dnowprefetch ssbd ibrs ibpb stibp ibrs_enhanced tpr_shadow ept vpid ept_ad fsgsbase tsc_adjust bmi1 avx2 smep bmi2 erms invpcid avx512f avx512dq rdseed adx smap avx512ifma clflushopt clwb avx512cd sha_ni avx512bw avx512vl xsaveopt xsavec xgetbv1 xsaves vnmi avx512vbmi umip avx512_vbmi2 gfni vaes vpclmulqdq avx512_vnni avx512_bitalg avx512_vpopcntdq rdpid movdiri movdir64b fsrm avx512_vp2intersect md_clear flush_l1d arch_capabilities

=== 7. Información de Memoria ===
               total        used        free      shared  buff/cache   available
Mem:           7.5Gi       5.5Gi       121Mi       4.0Mi       1.9Gi       1.8Gi
Swap:          2.0Gi       2.0Mi       2.0Gi

=== 8. Sistemas de archivos montados ===
Filesystem     Type     Size  Used Avail Use% Mounted on
overlay        overlay 1007G   12G  945G   2% /
tmpfs          tmpfs     64M     0   64M   0% /dev
shm            tmpfs     64M     0   64M   0% /dev/shm
/dev/sde       ext4    1007G   12G  945G   2% /var/backups
/dev/sdf       ext4    1007G  2.3G  954G   1% /var/log/lab
tmpfs          tmpfs    3.8G     0  3.8G   0% /proc/acpi
tmpfs          tmpfs    3.8G     0  3.8G   0% /proc/scsi
tmpfs          tmpfs    3.8G     0  3.8G   0% /sys/firmware

=== 9. Puntos de montaje ===
overlay on / type overlay (rw,relatime,lowerdir=/var/lib/desktop-containerd/daemon/io.containerd.snapshotter.v1.overlayfs/snapshots/436/fs:/var/lib/desktop-containerd/daemon/io.containerd.snapshotter.v1.overlayfs/snapshots/435/fs:/var/lib/desktop-containerd/daemon/io.containerd.snapshotter.v1.overlayfs/snapshots/434/fs:/var/lib/desktop-containerd/daemon/io.containerd.snapshotter.v1.overlayfs/snapshots/433/fs:/var/lib/desktop-containerd/daemon/io.containerd.snapshotter.v1.overlayfs/snapshots/432/fs:/var/lib/desktop-containerd/daemon/io.containerd.snapshotter.v1.overlayfs/snapshots/403/fs:/var/lib/desktop-containerd/daemon/io.containerd.snapshotter.v1.overlayfs/snapshots/402/fs:/var/lib/desktop-containerd/daemon/io.containerd.snapshotter.v1.overlayfs/snapshots/205/fs,upperdir=/var/lib/desktop-containerd/daemon/io.containerd.snapshotter.v1.overlayfs/snapshots/437/fs,workdir=/var/lib/desktop-containerd/daemon/io.containerd.snapshotter.v1.overlayfs/snapshots/437/work)
tmpfs on /dev type tmpfs (rw,nosuid,size=65536k,mode=755)
shm on /dev/shm type tmpfs (rw,nosuid,nodev,noexec,relatime,size=65536k)
/dev/sde on /var/backups type ext4 (rw,relatime)
/dev/sdf on /var/backups_host type ext4 (rw,relatime,discard,errors=remount-ro,data=ordered)
/dev/sde on /etc/resolv.conf type ext4 (rw,relatime)
/dev/sde on /etc/hostname type ext4 (rw,relatime)
/dev/sde on /etc/hosts type ext4 (rw,relatime)
/dev/sdf on /var/log/lab type ext4 (rw,relatime,discard,errors=remount-ro,data=ordered)
tmpfs on /proc/acpi type tmpfs (ro,relatime)
tmpfs on /proc/interrupts type tmpfs (rw,nosuid,size=65536k,mode=755)
tmpfs on /proc/kcore type tmpfs (rw,nosuid,size=65536k,mode=755)
tmpfs on /proc/keys type tmpfs (rw,nosuid,size=65536k,mode=755)
tmpfs on /proc/latency_stats type tmpfs (rw,nosuid,size=65536k,mode=755)
tmpfs on /proc/scsi type tmpfs (ro,relatime)
tmpfs on /proc/timer_list type tmpfs (rw,nosuid,size=65536k,mode=755)
tmpfs on /sys/firmware type tmpfs (ro,relatime)

=== 10. Volúmenes Docker (vistos desde el contenedor) ===
  /var/backups     -> Docker named volume (server_backups)
  /var/log/lab     -> Bind mount (./data/logs)
  /var/backups_host -> Bind mount (./data/backups)

2026-04-21 23:24:26 - Inspección completada
=============================================
2026-04-23 18:29:59 - Inspección del sistema
=============================================

=== 1. Información del Kernel ===
Linux server 6.6.87.2-microsoft-standard-WSL2 #1 SMP PREEMPT_DYNAMIC Thu Jun  5 18:30:46 UTC 2025 x86_64 x86_64 x86_64 GNU/Linux

=== 2. Versión del Sistema Operativo ===
PRETTY_NAME="Ubuntu 22.04.5 LTS"
NAME="Ubuntu"
VERSION_ID="22.04"
VERSION="22.04.5 LTS (Jammy Jellyfish)"
VERSION_CODENAME=jammy
ID=ubuntu
ID_LIKE=debian
HOME_URL="https://www.ubuntu.com/"
SUPPORT_URL="https://help.ubuntu.com/"
BUG_REPORT_URL="https://bugs.launchpad.net/ubuntu/"
PRIVACY_POLICY_URL="https://www.ubuntu.com/legal/terms-and-policies/privacy-policy"
UBUNTU_CODENAME=jammy

=== 3. Proceso de arranque - Procesos activos (PID 1 y servicios) ===
USER       PID %CPU %MEM    VSZ   RSS TTY      STAT START   TIME COMMAND
root         1  9.0  0.0   4364  2688 ?        Ss   18:29   0:00 /bin/bash /opt/lab/scripts/entrypoint.sh
syslog      12  0.0  0.0 152420  3012 ?        Ssl  18:29   0:00 rsyslogd
root        20  0.0  0.0   3888  1924 ?        Ss   18:29   0:00 /usr/sbin/cron -P
daemon      26  0.0  0.0   3864  1664 ?        Ss   18:29   0:00 /usr/sbin/atd
root        35  0.0  0.0  15432  4300 ?        Ss   18:29   0:00 sshd: /usr/sbin/sshd [listener] 0 of 10-100 startups
root        39  0.0  0.0   4364  3072 ?        S    18:29   0:00 /bin/bash /opt/lab/scripts/system_info.sh
root        43  0.0  0.0   7064  2816 ?        R    18:29   0:00 ps aux --sort=pid
root        44  0.0  0.0   2804  1408 ?        S    18:29   0:00 head -20

=== 4. Niveles de operación (Runlevels / Systemd targets) ===
Nota: En contenedores Docker, PID 1 es el entrypoint (no systemd/init).
Los servicios se inician manualmente en el entrypoint.sh:
  1. cron (tareas programadas)
  2. atd (tareas de ejecución diferida)
  3. sshd (acceso remoto SSH)
  4. rsyslogd (sistema de logging)
  5. python3 http.server (servicio web en puerto 8080)

Runlevel actual (si disponible):
/opt/lab/scripts/system_info.sh: line 36: runlevel: command not found
  runlevel no disponible (contenedor sin init)

=== 5. Servicios activos ===
 [ + ]  atd
 [ + ]  cron
 [ ? ]  hwclock.sh
 [ - ]  procps
 [ - ]  rsync
 [ + ]  ssh

=== 6. Información de CPU ===
processor	: 0
vendor_id	: GenuineIntel
cpu family	: 6
model		: 140
model name	: 11th Gen Intel(R) Core(TM) i5-1145G7 @ 2.60GHz
stepping	: 1
microcode	: 0xffffffff
cpu MHz		: 1497.600
cache size	: 8192 KB
physical id	: 0
siblings	: 8
core id		: 0
cpu cores	: 4
apicid		: 0
initial apicid	: 0
fpu		: yes
fpu_exception	: yes
cpuid level	: 27
wp		: yes
flags		: fpu vme de pse tsc msr pae mce cx8 apic sep mtrr pge mca cmov pat pse36 clflush mmx fxsr sse sse2 ss ht syscall nx pdpe1gb rdtscp lm constant_tsc arch_perfmon rep_good nopl xtopology tsc_reliable nonstop_tsc cpuid tsc_known_freq pni pclmulqdq vmx ssse3 fma cx16 pdcm pcid sse4_1 sse4_2 x2apic movbe popcnt tsc_deadline_timer aes xsave avx f16c rdrand hypervisor lahf_lm abm 3dnowprefetch ssbd ibrs ibpb stibp ibrs_enhanced tpr_shadow ept vpid ept_ad fsgsbase tsc_adjust bmi1 avx2 smep bmi2 erms invpcid avx512f avx512dq rdseed adx smap avx512ifma clflushopt clwb avx512cd sha_ni avx512bw avx512vl xsaveopt xsavec xgetbv1 xsaves vnmi avx512vbmi umip avx512_vbmi2 gfni vaes vpclmulqdq avx512_vnni avx512_bitalg avx512_vpopcntdq rdpid movdiri movdir64b fsrm avx512_vp2intersect md_clear flush_l1d arch_capabilities

=== 7. Información de Memoria ===
               total        used        free      shared  buff/cache   available
Mem:           7.5Gi       1.4Gi       4.3Gi       4.0Mi       1.8Gi       5.9Gi
Swap:          2.0Gi          0B       2.0Gi

=== 8. Sistemas de archivos montados ===
Filesystem     Type     Size  Used Avail Use% Mounted on
overlay        overlay 1007G   12G  945G   2% /
tmpfs          tmpfs     64M     0   64M   0% /dev
shm            tmpfs     64M     0   64M   0% /dev/shm
/dev/sde       ext4    1007G   12G  945G   2% /var/backups
/dev/sdd       ext4    1007G  3.0G  953G   1% /var/log/lab
tmpfs          tmpfs    3.8G     0  3.8G   0% /proc/acpi
tmpfs          tmpfs    3.8G     0  3.8G   0% /proc/scsi
tmpfs          tmpfs    3.8G     0  3.8G   0% /sys/firmware

=== 9. Puntos de montaje ===
overlay on / type overlay (rw,relatime,lowerdir=/var/lib/desktop-containerd/daemon/io.containerd.snapshotter.v1.overlayfs/snapshots/436/fs:/var/lib/desktop-containerd/daemon/io.containerd.snapshotter.v1.overlayfs/snapshots/435/fs:/var/lib/desktop-containerd/daemon/io.containerd.snapshotter.v1.overlayfs/snapshots/434/fs:/var/lib/desktop-containerd/daemon/io.containerd.snapshotter.v1.overlayfs/snapshots/433/fs:/var/lib/desktop-containerd/daemon/io.containerd.snapshotter.v1.overlayfs/snapshots/432/fs:/var/lib/desktop-containerd/daemon/io.containerd.snapshotter.v1.overlayfs/snapshots/403/fs:/var/lib/desktop-containerd/daemon/io.containerd.snapshotter.v1.overlayfs/snapshots/402/fs:/var/lib/desktop-containerd/daemon/io.containerd.snapshotter.v1.overlayfs/snapshots/205/fs,upperdir=/var/lib/desktop-containerd/daemon/io.containerd.snapshotter.v1.overlayfs/snapshots/437/fs,workdir=/var/lib/desktop-containerd/daemon/io.containerd.snapshotter.v1.overlayfs/snapshots/437/work)
tmpfs on /dev type tmpfs (rw,nosuid,size=65536k,mode=755)
shm on /dev/shm type tmpfs (rw,nosuid,nodev,noexec,relatime,size=65536k)
/dev/sde on /var/backups type ext4 (rw,relatime)
/dev/sdd on /var/backups_host type ext4 (rw,relatime,discard,errors=remount-ro,data=ordered)
/dev/sde on /etc/resolv.conf type ext4 (rw,relatime)
/dev/sde on /etc/hostname type ext4 (rw,relatime)
/dev/sde on /etc/hosts type ext4 (rw,relatime)
/dev/sdd on /var/log/lab type ext4 (rw,relatime,discard,errors=remount-ro,data=ordered)
tmpfs on /proc/acpi type tmpfs (ro,relatime)
tmpfs on /proc/interrupts type tmpfs (rw,nosuid,size=65536k,mode=755)
tmpfs on /proc/kcore type tmpfs (rw,nosuid,size=65536k,mode=755)
tmpfs on /proc/keys type tmpfs (rw,nosuid,size=65536k,mode=755)
tmpfs on /proc/latency_stats type tmpfs (rw,nosuid,size=65536k,mode=755)
tmpfs on /proc/scsi type tmpfs (ro,relatime)
tmpfs on /proc/timer_list type tmpfs (rw,nosuid,size=65536k,mode=755)
tmpfs on /sys/firmware type tmpfs (ro,relatime)

=== 10. Volúmenes Docker (vistos desde el contenedor) ===
  /var/backups     -> Docker named volume (server_backups)
  /var/log/lab     -> Bind mount (./data/logs)
  /var/backups_host -> Bind mount (./data/backups)

2026-04-23 18:29:59 - Inspección completada
=============================================
2026-04-23 22:54:13 - Inspección del sistema
=============================================

=== 1. Información del Kernel ===
Linux server 6.6.87.2-microsoft-standard-WSL2 #1 SMP PREEMPT_DYNAMIC Thu Jun  5 18:30:46 UTC 2025 x86_64 x86_64 x86_64 GNU/Linux

=== 2. Versión del Sistema Operativo ===
PRETTY_NAME="Ubuntu 22.04.5 LTS"
NAME="Ubuntu"
VERSION_ID="22.04"
VERSION="22.04.5 LTS (Jammy Jellyfish)"
VERSION_CODENAME=jammy
ID=ubuntu
ID_LIKE=debian
HOME_URL="https://www.ubuntu.com/"
SUPPORT_URL="https://help.ubuntu.com/"
BUG_REPORT_URL="https://bugs.launchpad.net/ubuntu/"
PRIVACY_POLICY_URL="https://www.ubuntu.com/legal/terms-and-policies/privacy-policy"
UBUNTU_CODENAME=jammy

=== 3. Proceso de arranque - Procesos activos (PID 1 y servicios) ===
USER       PID %CPU %MEM    VSZ   RSS TTY      STAT START   TIME COMMAND
root         1  4.0  0.0   4364  2816 ?        Ss   22:54   0:00 /bin/bash /opt/lab/scripts/entrypoint.sh
syslog      11  0.0  0.0 152420  3140 ?        Ssl  22:54   0:00 rsyslogd
root        19  0.0  0.0   3888  1924 ?        Ss   22:54   0:00 /usr/sbin/cron -P
daemon      25  0.0  0.0   3864  1536 ?        Ss   22:54   0:00 /usr/sbin/atd
root        34  0.0  0.0  15432  4176 ?        Ss   22:54   0:00 sshd: /usr/sbin/sshd [listener] 0 of 10-100 startups
root        38  0.0  0.0   4364  3072 ?        S    22:54   0:00 /bin/bash /opt/lab/scripts/system_info.sh
root        42  0.0  0.0   7064  2816 ?        R    22:54   0:00 ps aux --sort=pid
root        43  0.0  0.0   2804  1280 ?        S    22:54   0:00 head -20

=== 4. Niveles de operación (Runlevels / Systemd targets) ===
Nota: En contenedores Docker, PID 1 es el entrypoint (no systemd/init).
Los servicios se inician manualmente en el entrypoint.sh:
  1. cron (tareas programadas)
  2. atd (tareas de ejecución diferida)
  3. sshd (acceso remoto SSH)
  4. rsyslogd (sistema de logging)
  5. python3 http.server (servicio web en puerto 8080)

Runlevel actual (si disponible):
/opt/lab/scripts/system_info.sh: line 36: runlevel: command not found
  runlevel no disponible (contenedor sin init)

=== 5. Servicios activos ===
 [ + ]  atd
 [ + ]  cron
 [ ? ]  hwclock.sh
 [ - ]  procps
 [ - ]  rsync
 [ + ]  ssh

=== 6. Información de CPU ===
processor	: 0
vendor_id	: GenuineIntel
cpu family	: 6
model		: 140
model name	: 11th Gen Intel(R) Core(TM) i5-1145G7 @ 2.60GHz
stepping	: 1
microcode	: 0xffffffff
cpu MHz		: 1497.600
cache size	: 8192 KB
physical id	: 0
siblings	: 8
core id		: 0
cpu cores	: 4
apicid		: 0
initial apicid	: 0
fpu		: yes
fpu_exception	: yes
cpuid level	: 27
wp		: yes
flags		: fpu vme de pse tsc msr pae mce cx8 apic sep mtrr pge mca cmov pat pse36 clflush mmx fxsr sse sse2 ss ht syscall nx pdpe1gb rdtscp lm constant_tsc arch_perfmon rep_good nopl xtopology tsc_reliable nonstop_tsc cpuid tsc_known_freq pni pclmulqdq vmx ssse3 fma cx16 pdcm pcid sse4_1 sse4_2 x2apic movbe popcnt tsc_deadline_timer aes xsave avx f16c rdrand hypervisor lahf_lm abm 3dnowprefetch ssbd ibrs ibpb stibp ibrs_enhanced tpr_shadow ept vpid ept_ad fsgsbase tsc_adjust bmi1 avx2 smep bmi2 erms invpcid avx512f avx512dq rdseed adx smap avx512ifma clflushopt clwb avx512cd sha_ni avx512bw avx512vl xsaveopt xsavec xgetbv1 xsaves vnmi avx512vbmi umip avx512_vbmi2 gfni vaes vpclmulqdq avx512_vnni avx512_bitalg avx512_vpopcntdq rdpid movdiri movdir64b fsrm avx512_vp2intersect md_clear flush_l1d arch_capabilities

=== 7. Información de Memoria ===
               total        used        free      shared  buff/cache   available
Mem:           7.5Gi       1.4Gi       4.6Gi       4.0Mi       1.4Gi       5.9Gi
Swap:          2.0Gi          0B       2.0Gi

=== 8. Sistemas de archivos montados ===
Filesystem     Type     Size  Used Avail Use% Mounted on
overlay        overlay 1007G   12G  945G   2% /
tmpfs          tmpfs     64M     0   64M   0% /dev
shm            tmpfs     64M     0   64M   0% /dev/shm
/dev/sde       ext4    1007G   12G  945G   2% /var/backups
/dev/sdd       ext4    1007G  3.1G  953G   1% /var/log/lab
tmpfs          tmpfs    3.8G     0  3.8G   0% /proc/acpi
tmpfs          tmpfs    3.8G     0  3.8G   0% /proc/scsi
tmpfs          tmpfs    3.8G     0  3.8G   0% /sys/firmware

=== 9. Puntos de montaje ===
overlay on / type overlay (rw,relatime,lowerdir=/var/lib/desktop-containerd/daemon/io.containerd.snapshotter.v1.overlayfs/snapshots/436/fs:/var/lib/desktop-containerd/daemon/io.containerd.snapshotter.v1.overlayfs/snapshots/435/fs:/var/lib/desktop-containerd/daemon/io.containerd.snapshotter.v1.overlayfs/snapshots/434/fs:/var/lib/desktop-containerd/daemon/io.containerd.snapshotter.v1.overlayfs/snapshots/433/fs:/var/lib/desktop-containerd/daemon/io.containerd.snapshotter.v1.overlayfs/snapshots/432/fs:/var/lib/desktop-containerd/daemon/io.containerd.snapshotter.v1.overlayfs/snapshots/403/fs:/var/lib/desktop-containerd/daemon/io.containerd.snapshotter.v1.overlayfs/snapshots/402/fs:/var/lib/desktop-containerd/daemon/io.containerd.snapshotter.v1.overlayfs/snapshots/205/fs,upperdir=/var/lib/desktop-containerd/daemon/io.containerd.snapshotter.v1.overlayfs/snapshots/437/fs,workdir=/var/lib/desktop-containerd/daemon/io.containerd.snapshotter.v1.overlayfs/snapshots/437/work)
tmpfs on /dev type tmpfs (rw,nosuid,size=65536k,mode=755)
shm on /dev/shm type tmpfs (rw,nosuid,nodev,noexec,relatime,size=65536k)
/dev/sde on /var/backups type ext4 (rw,relatime)
/dev/sdd on /var/backups_host type ext4 (rw,relatime,discard,errors=remount-ro,data=ordered)
/dev/sde on /etc/resolv.conf type ext4 (rw,relatime)
/dev/sde on /etc/hostname type ext4 (rw,relatime)
/dev/sde on /etc/hosts type ext4 (rw,relatime)
/dev/sdd on /var/log/lab type ext4 (rw,relatime,discard,errors=remount-ro,data=ordered)
tmpfs on /proc/acpi type tmpfs (ro,relatime)
tmpfs on /proc/interrupts type tmpfs (rw,nosuid,size=65536k,mode=755)
tmpfs on /proc/kcore type tmpfs (rw,nosuid,size=65536k,mode=755)
tmpfs on /proc/keys type tmpfs (rw,nosuid,size=65536k,mode=755)
tmpfs on /proc/latency_stats type tmpfs (rw,nosuid,size=65536k,mode=755)
tmpfs on /proc/scsi type tmpfs (ro,relatime)
tmpfs on /proc/timer_list type tmpfs (rw,nosuid,size=65536k,mode=755)
tmpfs on /sys/firmware type tmpfs (ro,relatime)

=== 10. Volúmenes Docker (vistos desde el contenedor) ===
  /var/backups     -> Docker named volume (server_backups)
  /var/log/lab     -> Bind mount (./data/logs)
  /var/backups_host -> Bind mount (./data/backups)

2026-04-23 22:54:13 - Inspección completada
